2020-04-15 18:11:48 [main] INFO  c.atom.springboot.logger.Application - Starting Application on LAPTOP-KFIKPE1S with PID 6776 (D:\WorkSpace\SpringBootApp-Practice\15.PeopleManagementSpringBootLogger\target\classes started by Prince in D:\WorkSpace\SpringBootApp-Practice\15.PeopleManagementSpringBootLogger)
2020-04-15 18:11:48 [main] INFO  c.atom.springboot.logger.Application - No active profile set, falling back to default profiles: default
2020-04-15 18:11:50 [main] INFO  o.s.b.w.e.tomcat.TomcatWebServer - Tomcat initialized with port(s): 8080 (http)
2020-04-15 18:11:50 [main] INFO  o.a.catalina.core.StandardService - Starting service [Tomcat]
2020-04-15 18:11:50 [main] INFO  o.a.catalina.core.StandardEngine - Starting Servlet engine: [Apache Tomcat/9.0.33]
2020-04-15 18:11:50 [main] INFO  o.a.c.c.C.[Tomcat].[localhost].[/] - Initializing Spring embedded WebApplicationContext
2020-04-15 18:11:50 [main] INFO  o.s.web.context.ContextLoader - Root WebApplicationContext: initialization completed in 1467 ms
2020-04-15 18:11:50 [main] INFO  o.s.s.c.ThreadPoolTaskExecutor - Initializing ExecutorService 'applicationTaskExecutor'
2020-04-15 18:11:50 [main] INFO  o.s.b.w.e.tomcat.TomcatWebServer - Tomcat started on port(s): 8080 (http) with context path ''
2020-04-15 18:11:50 [main] INFO  c.atom.springboot.logger.Application - Started Application in 2.731 seconds (JVM running for 3.581)
2020-04-15 18:11:50 [main] INFO  c.atom.springboot.logger.Application - messsage info getting printed
2020-04-15 18:11:50 [main] ERROR c.atom.springboot.logger.Application - messsage error getting printed
2020-04-15 18:11:50 [main] WARN  c.atom.springboot.logger.Application - messsage warn getting printed
2020-04-15 18:12:16 [http-nio-8080-exec-1] INFO  o.a.c.c.C.[Tomcat].[localhost].[/] - Initializing Spring DispatcherServlet 'dispatcherServlet'
2020-04-15 18:12:16 [http-nio-8080-exec-1] INFO  o.s.web.servlet.DispatcherServlet - Initializing Servlet 'dispatcherServlet'
2020-04-15 18:12:16 [http-nio-8080-exec-1] INFO  o.s.web.servlet.DispatcherServlet - Completed initialization in 6 ms
2020-04-15 18:12:16 [http-nio-8080-exec-1] INFO  c.atom.springboot.logger.Application - inside hello method
2020-04-15 18:12:22 [http-nio-8080-exec-2] INFO  c.atom.springboot.logger.Application - inside hello2 method
2020-04-15 18:13:41 [RMI TCP Connection(11)-127.0.0.1] INFO  o.s.b.a.SpringApplicationAdminMXBeanRegistrar$SpringApplicationAdmin - Application shutdown requested.
2020-04-15 18:13:41 [RMI TCP Connection(11)-127.0.0.1] INFO  o.s.s.c.ThreadPoolTaskExecutor - Shutting down ExecutorService 'applicationTaskExecutor'
2020-04-15 18:13:47 [main] INFO  c.atom.springboot.logger.Application - Starting Application on LAPTOP-KFIKPE1S with PID 15000 (D:\WorkSpace\SpringBootApp-Practice\15.PeopleManagementSpringBootLogger\target\classes started by Prince in D:\WorkSpace\SpringBootApp-Practice\15.PeopleManagementSpringBootLogger)
2020-04-15 18:13:47 [main] INFO  c.atom.springboot.logger.Application - No active profile set, falling back to default profiles: default
2020-04-15 18:13:48 [main] INFO  o.s.b.w.e.tomcat.TomcatWebServer - Tomcat initialized with port(s): 8080 (http)
2020-04-15 18:13:48 [main] INFO  o.a.catalina.core.StandardService - Starting service [Tomcat]
2020-04-15 18:13:48 [main] INFO  o.a.catalina.core.StandardEngine - Starting Servlet engine: [Apache Tomcat/9.0.33]
2020-04-15 18:13:48 [main] INFO  o.a.c.c.C.[Tomcat].[localhost].[/] - Initializing Spring embedded WebApplicationContext
2020-04-15 18:13:48 [main] INFO  o.s.web.context.ContextLoader - Root WebApplicationContext: initialization completed in 1208 ms
2020-04-15 18:13:49 [main] INFO  o.s.s.c.ThreadPoolTaskExecutor - Initializing ExecutorService 'applicationTaskExecutor'
2020-04-15 18:13:49 [main] INFO  o.s.b.w.e.tomcat.TomcatWebServer - Tomcat started on port(s): 8080 (http) with context path ''
2020-04-15 18:13:49 [main] INFO  c.atom.springboot.logger.Application - Started Application in 2.35 seconds (JVM running for 3.692)
2020-04-15 18:13:49 [main] INFO  c.atom.springboot.logger.Application - messsage info getting printed
2020-04-15 18:13:49 [main] ERROR c.atom.springboot.logger.Application - messsage error getting printed
2020-04-15 18:13:49 [main] WARN  c.atom.springboot.logger.Application - messsage warn getting printed
2020-04-15 18:17:52 [RMI TCP Connection(12)-127.0.0.1] INFO  o.s.b.a.SpringApplicationAdminMXBeanRegistrar$SpringApplicationAdmin - Application shutdown requested.
2020-04-15 18:17:52 [RMI TCP Connection(12)-127.0.0.1] INFO  o.s.s.c.ThreadPoolTaskExecutor - Shutting down ExecutorService 'applicationTaskExecutor'
